c:\users\think\desktop\student\student\debug\student.pch
c:\users\think\desktop\student\student\debug\vc140.pdb
c:\users\think\desktop\student\student\debug\vc140.idb
c:\users\think\desktop\student\student\debug\stdafx.obj
c:\users\think\desktop\student\student\debug\maincontrol.obj
c:\users\think\desktop\student\student\debug\addcourse.obj
c:\users\think\desktop\student\student\debug\addstudent.obj
c:\users\think\desktop\student\student\debug\cancelselection.obj
c:\users\think\desktop\student\student\debug\courseclass.obj
c:\users\think\desktop\student\student\debug\coursemanagement.obj
c:\users\think\desktop\student\student\debug\coursesave.obj
c:\users\think\desktop\student\student\debug\deletecourse.obj
c:\users\think\desktop\student\student\debug\deletestudent.obj
c:\users\think\desktop\student\student\debug\public.obj
c:\users\think\desktop\student\student\debug\querrycourse.obj
c:\users\think\desktop\student\student\debug\querystudent.obj
c:\users\think\desktop\student\student\debug\selectionclass.obj
c:\users\think\desktop\student\student\debug\selectionmanagement.obj
c:\users\think\desktop\student\student\debug\setselection.obj
c:\users\think\desktop\student\student\debug\student.obj
c:\users\think\desktop\student\student\debug\studentclass.obj
c:\users\think\desktop\student\student\debug\studentdlg.obj
c:\users\think\desktop\student\student\debug\studentmanagement.obj
c:\users\think\desktop\student\student\debug\studentsave.obj
c:\users\think\desktop\student\debug\student.ilk
c:\users\think\desktop\student\debug\student.exe
c:\users\think\desktop\student\debug\student.pdb
c:\users\think\desktop\student\student\debug\student.res
c:\users\think\desktop\student\student\debug\student.tlog\cl.command.1.tlog
c:\users\think\desktop\student\student\debug\student.tlog\cl.read.1.tlog
c:\users\think\desktop\student\student\debug\student.tlog\cl.write.1.tlog
c:\users\think\desktop\student\student\debug\student.tlog\link.command.1.tlog
c:\users\think\desktop\student\student\debug\student.tlog\link.read.1.tlog
c:\users\think\desktop\student\student\debug\student.tlog\link.write.1.tlog
c:\users\think\desktop\student\student\debug\student.tlog\rc.command.1.tlog
c:\users\think\desktop\student\student\debug\student.tlog\rc.read.1.tlog
c:\users\think\desktop\student\student\debug\student.tlog\rc.write.1.tlog
